Base path: 'D:/unityhub/2019.3.4f1/Editor/Data', plugins path 'D:/unityhub/2019.3.4f1/Editor/Data/PlaybackEngines'
Cmd: initializeCompiler
Cmd: initializeCompiler
Cmd: preprocessCompute
  insize=7938 outsize=7960 ok=1
Cmd: compileComputeKernel
  api=4 insize=7960 outsize=1553 ok=1
Cmd: compileComputeKernel
  api=4 insize=7960 outsize=1121 ok=1
Cmd: compileComputeKernel
  api=4 insize=7960 outsize=2524 ok=1
Cmd: compileComputeKernel
  api=4 insize=7960 outsize=1531 ok=1
Cmd: compileComputeKernel
  api=4 insize=7960 outsize=1508 ok=1
Cmd: compileComputeKernel
  api=4 insize=7960 outsize=1611 ok=1
Cmd: compileComputeKernel
  api=4 insize=7960 outsize=1574 ok=1
Cmd: compileComputeKernel
  api=4 insize=7960 outsize=1359 ok=1
Cmd: preprocessCompute
  insize=9889 outsize=9919 ok=1
Cmd: compileComputeKernel
  api=4 insize=9919 outsize=1879 ok=1
Cmd: compileComputeKernel
  api=4 insize=9919 outsize=2319 ok=1
Cmd: preprocessCompute
  insize=7947 outsize=7959 ok=1
Cmd: compileComputeKernel
  api=4 insize=7959 outsize=2128 ok=1
Cmd: preprocessCompute
  insize=49232 outsize=49356 ok=1
Cmd: compileComputeKernel
  api=4 insize=49356 outsize=1546 ok=1
Cmd: compileComputeKernel
  api=4 insize=49356 outsize=2939 ok=1
Cmd: compileComputeKernel
  api=4 insize=49356 outsize=1330 ok=1
Cmd: compileComputeKernel
  api=4 insize=49356 outsize=1592 ok=1
Cmd: compileComputeKernel
  api=4 insize=49356 outsize=1605 ok=1
Cmd: compileComputeKernel
  api=4 insize=49356 outsize=1282 ok=1
Cmd: compileComputeKernel
  api=4 insize=49356 outsize=1626 ok=1
Cmd: compileComputeKernel
  api=4 insize=49356 outsize=1378 ok=1
Cmd: compileComputeKernel
  api=4 insize=49356 outsize=1542 ok=1
Cmd: compileComputeKernel
  api=4 insize=49356 outsize=1306 ok=1
Cmd: compileComputeKernel
  api=4 insize=49356 outsize=1382 ok=1
Cmd: compileComputeKernel
  api=4 insize=49356 outsize=1883 ok=1
Cmd: compileComputeKernel
  api=4 insize=49356 outsize=2319 ok=1
Cmd: compileComputeKernel
  api=4 insize=49356 outsize=1916 ok=1
Cmd: compileComputeKernel
  api=4 insize=49356 outsize=1909 ok=1
Cmd: compileComputeKernel
  api=4 insize=49356 outsize=1321 ok=1
Cmd: compileComputeKernel
  api=4 insize=49356 outsize=1336 ok=1
Cmd: compileComputeKernel
  api=4 insize=49356 outsize=2021 ok=1
Cmd: compileComputeKernel
  api=4 insize=49356 outsize=1675 ok=1
Cmd: preprocessCompute
  insize=68819 outsize=68835 ok=1
Cmd: compileComputeKernel
  api=4 insize=68835 outsize=12497 ok=1
Cmd: compileComputeKernel
  api=4 insize=68835 outsize=3440 ok=1
Cmd: preprocessCompute
  insize=29208 outsize=29386 ok=1
Cmd: compileComputeKernel
  api=4 insize=29386 outsize=677 ok=1
Cmd: compileComputeKernel
  api=4 insize=29386 outsize=777 ok=1
Cmd: compileComputeKernel
  api=4 insize=29386 outsize=970 ok=1
Cmd: compileComputeKernel
  api=4 insize=29386 outsize=910 ok=1
Cmd: compileComputeKernel
  api=4 insize=29386 outsize=854 ok=1
Cmd: compileComputeKernel
  api=4 insize=29386 outsize=817 ok=1
Cmd: compileComputeKernel
  api=4 insize=29386 outsize=1023 ok=1
Cmd: compileComputeKernel
  api=4 insize=29386 outsize=677 ok=1
Cmd: compileComputeKernel
  api=4 insize=29386 outsize=811 ok=1
Cmd: compileComputeKernel
  api=4 insize=29386 outsize=1316 ok=1
Cmd: compileComputeKernel
  api=4 insize=29386 outsize=1479 ok=1
Cmd: compileComputeKernel
  api=4 insize=29386 outsize=1460 ok=1
Cmd: compileComputeKernel
  api=4 insize=29386 outsize=1306 ok=1
Cmd: compileComputeKernel
  api=4 insize=29386 outsize=1256 ok=1
Cmd: compileComputeKernel
  api=4 insize=29386 outsize=1359 ok=1
Cmd: preprocessCompute
  insize=45651 outsize=45671 ok=1
Cmd: compileComputeKernel
  api=4 insize=45671 outsize=2643 ok=1
Cmd: compileComputeKernel
  api=4 insize=45671 outsize=9521 ok=1
Cmd: compileComputeKernel
  api=4 insize=45671 outsize=3565 ok=1
Cmd: preprocessCompute
  insize=4095 outsize=4103 ok=1
Cmd: compileComputeKernel
  api=4 insize=4103 outsize=1585 ok=1
Cmd: preprocessCompute
  insize=1808 outsize=1810 ok=1
Cmd: compileComputeKernel
  api=4 insize=1810 outsize=3117 ok=1
